1
 
 
 
 
                                                             
                 Copyright 2011 Siemens Product Lifecycle    
                        Management Software Inc.             
                         All Rights Reserved.                
                                                             
               This software and related documentation are   
                 proprietary to Siemens Product Lifecycle    
                        Management Software Inc.             
                                                             
              Siemens and the Siemens logo are registered    
             trademarks of Siemens AG. NX is a trademark or  
                registered trademark of Siemens Product      
               Lifecycle Management Software Inc. or its     
             subsidiaries in the United States and in other  
             countries.  NASTRAN is a registered trademark   
                 of the National Aeronautics and Space       
                 Administration.  All other trademarks,      
              registered trademarks or service marks belong  
                      to their respective holders.           
                                                             
           LIMITATIONS TO U.S. GOVERNMENT RIGHTS. UNPUBLISHED
           - RIGHTS RESERVED UNDER THE COPYRIGHT LAWS OF THE 
            UNITED STATES. This computer software and related
               computer software documentation have been     
            developed exclusively at private expense and are 
           provided subject to the following rights:  If this
               computer software and computer  software      
            documentation qualify as "commercial items" (as  
             that term is defined in FAR 2.101), their use,  
            duplication or disclosure by the U.S. Government 
           is subject to the protections and restrictions as 
            set forth in the Siemens commercial license for  
            software and/or documentation, as prescribed in  
           FAR 12.212 and FAR 27.405(b)(2)(i) (for civilian  
             agencies) and in DFARS 227.7202-1(a) and DFARS  
           227.7202-3(a) (for the Department of Defense), or 
           any successor or similar regulation, as applicable
           or as amended from time to time.  If this computer
           software and computer documentation do not qualify
            as "commercial items", then they are "restricted 
           computer software" and are provided with "restric-
            tive rights", and their use, duplication or dis- 
            closure by the U.S. Government is subject to the 
            protections and restrictions as set forth in FAR 
           27.404(b) and FAR 52-227-14 (for civilian agencies
           ), and DFARS 227.7203-5(c) and DFARS 252.227-7014 
           (for the Department of Defense), or any successor 
           or similar regulation, as applicable or as amended
              from time to time.  Siemens PLM Software Inc.  
              5400 Legacy Drive, Plano, Texas 75024-3199.    

                * * * * * * * * * * * * * * * * * * * *
                * * * * * * * * * * * * * * * * * * * *
                * *                                 * *
                * *                                 * *
                * *                                 * *
                * *                                 * *
                * *       N X   N a s t r a n       * *
                * *                                 * *
                * *         VERSION -   8.5         * *
                * *                                 * *
                * *          AUG 11, 2012           * *
                * *                                 * *
                * *                                 * *
                * *Intel64 Family 6 Model 45 Steppi * *
                * *                                 * *
                * *Intel(R) Xeon(R) CPU E5-2660 0 @ * *
                * *                                 * *
                * *    Windows 7 Service Pack 1     * *
                * *                                 * *
                * *       Compiled for X86-64       * *
                * *                                 * *
                * * * * * * * * * * * * * * * * * * * *
                * * * * * * * * * * * * * * * * * * * *
1 
  
                        Welcome to NX Nastran
                        -------------------------
  
  
 This "news" information can be turned off by setting "news=no" in the runtime
 configuration (RC) file.  The "news" keyword can be set in the system RC file
 for global, or multi-user control, and in a local file for local control.
 Individual jobs can be controlled by setting news to yes or no on the command
 line.
1                                                                             APRIL  15, 2014  NX NASTRAN  8/11/12   PAGE     1
                                                                                                                                    
0        N A S T R A N    F I L E    A N D    S Y S T E M    P A R A M E T E R    E C H O                                           
0                                                                                                                                   
                                                                                                                                    
                                                                                                                                    
     NASTRAN BUFFSIZE=8193 $(C:/PROGRAM FILES/SIEMENS/NX 8.5/NXNASTRAN/CONF/NAST8.RCF
     NASTRAN DIAGA=128 DIAGB=0 $(C:/PROGRAM FILES/SIEMENS/NX 8.5/NXNASTRAN/CONF/NAST8
     NASTRAN SYSTEM(442)=1 $(COMMAND LINE[5])                                        
     NASTRAN REAL=870055936 $(PROGRAM DEFAULT)                                       
     $*$$$$$$$$$$$$$$$$$$$$$$$$$$$$$$$$$$$$$$$$$$$$$$$$$$$$$$$$$$$$$$$$$             
     $*                                                                              
     $*                    NX V8.5.1.3 TRANSLATOR                                    
     $*                    FOR NX NASTRAN VERSION 8.5                                
     $*                                                                              
     $*             FEM FILE: \\PRISM.NAS.GATECH.EDU\JREVIS3\VLAB\DESKTOP\4041 LAB\FI
     $*             SIM FILE: \\PRISM.NAS.GATECH.EDU\JREVIS3\VLAB\DESKTOP\4041 LAB\FI
     $*        ANALYSIS TYPE: STRUCTURAL                                             
     $*        SOLUTION NAME: SOLUTION 1                                             
     $*        SOLUTION TYPE: SOL 101 LINEAR STATICS - GLOBAL CONSTRAINTS            
     $*                                                                              
     $*    SOLVER INPUT FILE: GEAR_NEW_SIM1-SOLUTION_1.DAT                           
     $*        CREATION DATE: 15-APR-2014                                            
     $*        CREATION TIME: 10:24:00                                               
     $*             HOSTNAME: ME7VLAB061E                                            
     $*      NASTRAN LICENSE: DESKTOP BUNDLE                                         
     $*                                                                              
     $*                UNITS: INCH (POUND F)                                         
     $*                      ... LENGTH : INCH                                       
     $*                      ... TIME   : SEC                                        
     $*                      ... MASS   : LBF-SEC**2/IN                              
     $*                      ... TEMPERATURE : DEG FAHRENHEIT                        
     $*                      ... FORCE  : POUND (LBF)                                
     $*                      ... THERMAL ENERGY : LBF-IN                             
     $*                                                                              
     $* IMPORTANT NOTE:                                                              
     $*     THIS BANNER WAS GENERATED BY NX AND ALTERING THIS INFORMATION            
     $*     MAY COMPROMISE THE NX POST PROCESSING OF RESULTS.                        
     $*                                                                              
     $*$$$$$$$$$$$$$$$$$$$$$$$$$$$$$$$$$$$$$$$$$$$$$$$$$$$$$$$$$$$$$$$$$             
     $*                                                                              
     $*$$$$$$$$$$$$$$$$$$$$$$$$$$$$$$$$$$$                                           
     $*                                                                              
     $* NASTRAN                                                                      
     $*                                                                              
     $*$$$$$$$$$$$$$$$$$$$$$$$$$$$$$$$$$$$                                           
     $*                                                                              
     NASTRAN ELEMITER=YES                                                            
     NASTRAN ITER=YES                                                                
     $*                                                                              
     $*$$$$$$$$$$$$$$$$$$$$$$$$$$$$$$$$$$$                                           
     $*                                                                              
     $* FILE MANAGEMENT                                                              
     $*                                                                              
     $*$$$$$$$$$$$$$$$$$$$$$$$$$$$$$$$$$$$                                           
     $*                                                                              
1                                                                             APRIL  15, 2014  NX NASTRAN  8/11/12   PAGE     2
                                                                                                                                    
0        N A S T R A N    F I L E    A N D    S Y S T E M    P A R A M E T E R    E C H O                                           
0                                                                                                                                   
                                                                                                                                    
                                                                                                                                    
     $*                                                                              
     $*$$$$$$$$$$$$$$$$$$$$$$$$$$$$$$$$$$$                                           
     $*                                                                              
     $* EXECUTIVE CONTROL                                                            
     $*                                                                              
     $*$$$$$$$$$$$$$$$$$$$$$$$$$$$$$$$$$$$                                           
     $*                                                                              
1                                                                             APRIL  15, 2014  NX NASTRAN  8/11/12   PAGE     3
                                                                                                                                    
0        N A S T R A N    E X E C U T I V E    C O N T R O L    E C H O                                                             
0                                                                                                                                   
                                                                                                                                    
                                                                                                                                    
     ID,NASTRAN,GEAR_NEW_SIM1-SOLUTION_1                                                     
     SOL 101                                                                                 
     CEND                                                                                    
1                                                                             APRIL  15, 2014  NX NASTRAN  8/11/12   PAGE     4
                                                                                                                                    
0                                                                                                                                   
0                                        C A S E    C O N T R O L    E C H O                                                        
                 COMMAND                                                                                                            
                 COUNT                                                                                                              
                  1      $*                                                                                      
                  2      $*$$$$$$$$$$$$$$$$$$$$$$$$$$$$$$$$$$$                                                   
                  3      $*                                                                                      
                  4      $* CASE CONTROL                                                                         
                  5      $*                                                                                      
                  6      $*$$$$$$$$$$$$$$$$$$$$$$$$$$$$$$$$$$$                                                   
                  7      $*                                                                                      
                  8      ECHO = NONE                                                                             
                  9      SPC = 1                                                                                 
                 10      OUTPUT                                                                                  
                 11      DISPLACEMENT(PLOT,REAL) = ALL                                                           
                 12      SPCFORCES(PLOT,REAL) = ALL                                                              
                 13      STRESS(PLOT,REAL,VONMISES,CENTER) = ALL                                                 
                 14      $*  NX STEP: SUBCASE - STATIC LOADS 1                                                   
                 15      SUBCASE 1                                                                               
                 16      LABEL = SUBCASE - STATIC LOADS 1                                                        
                 17      LOAD = 2                                                                                
                 18      $*                                                                                      
                 19      $*$$$$$$$$$$$$$$$$$$$$$$$$$$$$$$$$$$$                                                   
                 20      $*                                                                                      
                 21      $* BULK DATA                                                                            
                 22      $*                                                                                      
                 23      $*$$$$$$$$$$$$$$$$$$$$$$$$$$$$$$$$$$$                                                   
                 24      $*                                                                                      
                 25      BEGIN BULK                                                                              
0                             INPUT BULK DATA ENTRY COUNT =       48171
0                       TOTAL COUNT=     48148


                                        M O D E L   S U M M A R Y

                                   NUMBER OF GRID     POINTS   =     7071
 
 
                                   NUMBER OF CTETRA   ELEMENTS =    33639
 
 ^^^IN ELEMENT VERSION OF STATICS1   
 *** USER INFORMATION MESSAGE 4109 (OUTPX2)
     THE LABEL IS NX8.5    FOR FORTRAN UNIT 12
     (MAXIMUM SIZE OF FORTRAN RECORDS WRITTEN =        7 WORDS.)
     (NUMBER OF FORTRAN RECORDS WRITTEN =        8 RECORDS.)
     (TOTAL DATA WRITTEN FOR TAPE LABEL =       17 WORDS.)
1                                                                             APRIL  15, 2014  NX NASTRAN  8/11/12   PAGE     5
                                                                                                                                    
0                                                                                                                                   
0                                                                                                                                   
                                                                                                                                    
                                                                                                                                    
 *** USER INFORMATION MESSAGE 4114 (OUTPX2)
     DATA BLOCK PVT      WRITTEN ON FORTRAN UNIT 12, TRL =
                    101                23                 0                 0                 0                 0                 0
     (MAXIMUM POSSIBLE FORTRAN RECORD SIZE =    16386 WORDS.)
     (MAXIMUM SIZE OF FORTRAN RECORDS WRITTEN =       23 WORDS.)
     (NUMBER OF FORTRAN RECORDS WRITTEN =       19 RECORDS.)
     (TOTAL DATA WRITTEN FOR DATA BLOCK =       47 WORDS.)
1                                                                             APRIL  15, 2014  NX NASTRAN  8/11/12   PAGE     6
                                                                                                                                    
0                                                                                                                                   
 *** USER INFORMATION MESSAGE 7310 (VECPRN)
     ORIGIN OF SUPERELEMENT BASIC COORDINATE SYSTEM WILL BE USED AS REFERENCE LOCATION.
     RESULTANTS ABOUT ORIGIN OF SUPERELEMENT BASIC COORDINATE SYSTEM IN SUPERELEMENT BASIC SYSTEM COORDINATES.
0                                                  OLOAD    RESULTANT       
  SUBCASE/    LOAD
  DAREA ID    TYPE       T1            T2            T3            R1            R2            R3
0        1     FX    0.000000E+00     ----          ----          ----       0.000000E+00  0.000000E+00                             
               FY       ----       0.000000E+00     ----       0.000000E+00     ----       0.000000E+00                             
               FZ       ----          ----      -1.500000E+02  1.355668E+02 -5.110543E-01     ----                                  
               MX       ----          ----          ----       0.000000E+00     ----          ----                                  
               MY       ----          ----          ----          ----       0.000000E+00     ----                                  
               MZ       ----          ----          ----          ----          ----       0.000000E+00                             
             TOTALS  0.000000E+00  0.000000E+00 -1.500000E+02  1.355668E+02 -5.110543E-01  0.000000E+00

                                   I T E R A T I V E  S O L U T I O N  S U M M A R Y

                                  NUMBER OF EQUATIONS                    =      20511
                                  NUMBER OF NONZEROS IN STIFFNESS MATRIX =     434484
                                  NUMBER OF NONZEROS IN PRECONDITIONER   =     484332
                                  PRECONDITIONER SELECTED                =   STANDARD
                                  NUMBER OF ITERATIONS                   =         57
                                  CONVERGENCE CRITERIA USED              =       AREX
                                  CONVERGENCE TOLERANCE USED             =   1.00E-08
                                  MEMORY AVAILABLE                       =         92 MB
                                  MEMORY USED IN CG ITERS                =          8 MB
                                  CG WORKING SET SIZE                    =          4 MB IF MATRIX OUTOFCORE
                                  SCRATCH FILE DISK SPACE                =          9 MB
                                  MULTIPLY MEGAFLOP RATE                 =          0
                                  SOLVE MEGAFLOP RATE                    =          0

 *** USER INFORMATION MESSAGE 4114 (OUTPX2)
     DATA BLOCK GPL      WRITTEN ON FORTRAN UNIT 12, TRL =
                    101              7071              7071                 0                 0                 0                 0
     (MAXIMUM POSSIBLE FORTRAN RECORD SIZE =    16386 WORDS.)
     (MAXIMUM SIZE OF FORTRAN RECORDS WRITTEN =    14142 WORDS.)
     (NUMBER OF FORTRAN RECORDS WRITTEN =       24 RECORDS.)
     (TOTAL DATA WRITTEN FOR DATA BLOCK =    21242 WORDS.)
 *** USER INFORMATION MESSAGE 4114 (OUTPX2)
     DATA BLOCK GPDT     WRITTEN ON FORTRAN UNIT 12, TRL =
                    102              7071                10                 0                 2                 0                 0
     (MAXIMUM POSSIBLE FORTRAN RECORD SIZE =    16386 WORDS.)
     (MAXIMUM SIZE OF FORTRAN RECORDS WRITTEN =    16386 WORDS.)
     (NUMBER OF FORTRAN RECORDS WRITTEN =       27 RECORDS.)
     (TOTAL DATA WRITTEN FOR DATA BLOCK =    70738 WORDS.)
 *** USER INFORMATION MESSAGE 4114 (OUTPX2)
     DATA BLOCK EPT      WRITTEN ON FORTRAN UNIT 12, TRL =
                    101                 0               256                 0                 0                 0                 0
     (MAXIMUM POSSIBLE FORTRAN RECORD SIZE =    16386 WORDS.)
     (MAXIMUM SIZE OF FORTRAN RECORDS WRITTEN =       10 WORDS.)
     (NUMBER OF FORTRAN RECORDS WRITTEN =       24 RECORDS.)
     (TOTAL DATA WRITTEN FOR DATA BLOCK =       41 WORDS.)
 *** USER INFORMATION MESSAGE 4114 (OUTPX2)
     DATA BLOCK MPT      WRITTEN ON FORTRAN UNIT 12, TRL =
                    101             33280                 0                 0                 0                 0                 0
     (MAXIMUM POSSIBLE FORTRAN RECORD SIZE =    16386 WORDS.)
     (MAXIMUM SIZE OF FORTRAN RECORDS WRITTEN =       15 WORDS.)
     (NUMBER OF FORTRAN RECORDS WRITTEN =       29 RECORDS.)
     (TOTAL DATA WRITTEN FOR DATA BLOCK =       65 WORDS.)
 *** USER INFORMATION MESSAGE 4114 (OUTPX2)
     DATA BLOCK GEOM2    WRITTEN ON FORTRAN UNIT 12, TRL =
                    101                 0                 0                 0               512                 0                 0
     (MAXIMUM POSSIBLE FORTRAN RECORD SIZE =    16386 WORDS.)
     (MAXIMUM SIZE OF FORTRAN RECORDS WRITTEN =    16386 WORDS.)
     (NUMBER OF FORTRAN RECORDS WRITTEN =       72 RECORDS.)
     (TOTAL DATA WRITTEN FOR DATA BLOCK =   403726 WORDS.)
 *** USER INFORMATION MESSAGE 4114 (OUTPX2)
     DATA BLOCK GEOM3    WRITTEN ON FORTRAN UNIT 12, TRL =
                    102                 0                 0                64                 0                 0                 0
     (MAXIMUM POSSIBLE FORTRAN RECORD SIZE =    16386 WORDS.)
     (MAXIMUM SIZE OF FORTRAN RECORDS WRITTEN =      745 WORDS.)
     (NUMBER OF FORTRAN RECORDS WRITTEN =       24 RECORDS.)
     (TOTAL DATA WRITTEN FOR DATA BLOCK =      776 WORDS.)
1                                                                             APRIL  15, 2014  NX NASTRAN  8/11/12   PAGE     7
                                                                                                                                    
0                                                                                                                                   
0                                                                                                                                   
                                                                                                                                    
                                                                                                                                    
 *** USER INFORMATION MESSAGE 4114 (OUTPX2)
     DATA BLOCK GEOM4    WRITTEN ON FORTRAN UNIT 12, TRL =
                    103                 0                 0                 0               512                 0                 0
     (MAXIMUM POSSIBLE FORTRAN RECORD SIZE =    16386 WORDS.)
     (MAXIMUM SIZE OF FORTRAN RECORDS WRITTEN =      939 WORDS.)
     (NUMBER OF FORTRAN RECORDS WRITTEN =       24 RECORDS.)
     (TOTAL DATA WRITTEN FOR DATA BLOCK =      970 WORDS.)
 *** USER INFORMATION MESSAGE 4114 (OUTPX2)
     DATA BLOCK GEOM1    WRITTEN ON FORTRAN UNIT 12, TRL =
                    104                 0                 0                 8                 0                 0                 0
     (MAXIMUM POSSIBLE FORTRAN RECORD SIZE =    16386 WORDS.)
     (MAXIMUM SIZE OF FORTRAN RECORDS WRITTEN =    16386 WORDS.)
     (NUMBER OF FORTRAN RECORDS WRITTEN =       32 RECORDS.)
     (TOTAL DATA WRITTEN FOR DATA BLOCK =    77819 WORDS.)
 *** USER INFORMATION MESSAGE 4114 (OUTPX2)
     DATA BLOCK BGPDT    WRITTEN ON FORTRAN UNIT 12, TRL =
                    105              7071                 0             42426                 2                 0              7071
     (MAXIMUM POSSIBLE FORTRAN RECORD SIZE =    16386 WORDS.)
     (MAXIMUM SIZE OF FORTRAN RECORDS WRITTEN =    16386 WORDS.)
     (NUMBER OF FORTRAN RECORDS WRITTEN =       34 RECORDS.)
     (TOTAL DATA WRITTEN FOR DATA BLOCK =    99027 WORDS.)
 *** USER INFORMATION MESSAGE 4114 (OUTPX2)
     DATA BLOCK DIT      WRITTEN ON FORTRAN UNIT 12, TRL =
                    101             32768                 0                 0                 0                 0                 0
     (MAXIMUM POSSIBLE FORTRAN RECORD SIZE =    16386 WORDS.)
     (MAXIMUM SIZE OF FORTRAN RECORDS WRITTEN =      137 WORDS.)
     (NUMBER OF FORTRAN RECORDS WRITTEN =       24 RECORDS.)
     (TOTAL DATA WRITTEN FOR DATA BLOCK =      168 WORDS.)
 *** USER INFORMATION MESSAGE 4114 (OUTPX2)
     DATA BLOCK CASECC   WRITTEN ON FORTRAN UNIT 12, TRL =
                    103                 1                 0               600                 0                 0                 0
     (MAXIMUM POSSIBLE FORTRAN RECORD SIZE =    16386 WORDS.)
     (MAXIMUM SIZE OF FORTRAN RECORDS WRITTEN =      600 WORDS.)
     (NUMBER OF FORTRAN RECORDS WRITTEN =       19 RECORDS.)
     (TOTAL DATA WRITTEN FOR DATA BLOCK =      624 WORDS.)
 *** USER INFORMATION MESSAGE 4114 (OUTPX2)
     DATA BLOCK EQEXIN   WRITTEN ON FORTRAN UNIT 12, TRL =
                    101              7071                 0                 0                 0                 0                 0
     (MAXIMUM POSSIBLE FORTRAN RECORD SIZE =    16386 WORDS.)
     (MAXIMUM SIZE OF FORTRAN RECORDS WRITTEN =    14142 WORDS.)
     (NUMBER OF FORTRAN RECORDS WRITTEN =       24 RECORDS.)
     (TOTAL DATA WRITTEN FOR DATA BLOCK =    28312 WORDS.)
1                                                                             APRIL  15, 2014  NX NASTRAN  8/11/12   PAGE     8
                                                                                                                                    
0                                                                                                                                   
 *** USER INFORMATION MESSAGE 7310 (VECPRN)
     ORIGIN OF SUPERELEMENT BASIC COORDINATE SYSTEM WILL BE USED AS REFERENCE LOCATION.
     RESULTANTS ABOUT ORIGIN OF SUPERELEMENT BASIC COORDINATE SYSTEM IN SUPERELEMENT BASIC SYSTEM COORDINATES.
0                                                  SPCFORCE RESULTANT       
  SUBCASE/    LOAD
  DAREA ID    TYPE       T1            T2            T3            R1            R2            R3
0        1     FX   -8.628739E-09     ----          ----          ----       4.008985E-01  2.461564E-01                             
               FY       ----       1.180313E-08     ----      -1.338891E+02     ----      -2.461564E-01                             
               FZ       ----          ----       1.500000E+02 -1.677695E+00  1.101557E-01     ----                                  
               MX       ----          ----          ----       0.000000E+00     ----          ----                                  
               MY       ----          ----          ----          ----       0.000000E+00     ----                                  
               MZ       ----          ----          ----          ----          ----       0.000000E+00                             
             TOTALS -8.628739E-09  1.180313E-08  1.500000E+02 -1.355667E+02  5.110543E-01 -1.490116E-08
 *** USER INFORMATION MESSAGE 4114 (OUTPX2)
     DATA BLOCK OQG1     WRITTEN ON FORTRAN UNIT 12, TRL =
                    101                 0             56568                15                14                 0                 1
     (MAXIMUM POSSIBLE FORTRAN RECORD SIZE =    16386 WORDS.)
     (MAXIMUM SIZE OF FORTRAN RECORDS WRITTEN =    16386 WORDS.)
     (NUMBER OF FORTRAN RECORDS WRITTEN =       30 RECORDS.)
     (TOTAL DATA WRITTEN FOR DATA BLOCK =    56750 WORDS.)
 *** USER INFORMATION MESSAGE 4114 (OUTPX2)
     DATA BLOCK BOUGV1   WRITTEN ON FORTRAN UNIT 12, TRL =
                    101                 0             56568                15                14                 0                 1
     (MAXIMUM POSSIBLE FORTRAN RECORD SIZE =    16386 WORDS.)
     (MAXIMUM SIZE OF FORTRAN RECORDS WRITTEN =    16386 WORDS.)
     (NUMBER OF FORTRAN RECORDS WRITTEN =       30 RECORDS.)
     (TOTAL DATA WRITTEN FOR DATA BLOCK =    56750 WORDS.)
1                                                                             APRIL  15, 2014  NX NASTRAN  8/11/12   PAGE     9
                                                                                                                                    
0                                                                                                                                   
 *** USER INFORMATION MESSAGE 4114 (OUTPX2)
     DATA BLOCK OES1X    WRITTEN ON FORTRAN UNIT 12, TRL =
                    101                63                 4                15                14                 0                 1
     (MAXIMUM POSSIBLE FORTRAN RECORD SIZE =    16386 WORDS.)
     (MAXIMUM SIZE OF FORTRAN RECORDS WRITTEN =    16386 WORDS.)
     (NUMBER OF FORTRAN RECORDS WRITTEN =      470 RECORDS.)
     (TOTAL DATA WRITTEN FOR DATA BLOCK =  3667053 WORDS.)
1                                                                             APRIL  15, 2014  NX NASTRAN  8/11/12   PAGE    10
                                                                                                                                    
0                                                                                                                                   
 *** USER INFORMATION MESSAGE 4110 (OUTPX2)
                                 END-OF-DATA SIMULATION ON FORTRAN UNIT 12
                                 (MAXIMUM SIZE OF FORTRAN RECORDS WRITTEN =      1 WORDS.)
                                       (NUMBER OF FORTRAN RECORDS WRITTEN =      1 RECORDS.)
                                       (TOTAL DATA WRITTEN FOR EOF MARKER =      1 WORDS.)
1                                                                             APRIL  15, 2014  NX NASTRAN  8/11/12   PAGE    11
                                                                                                                                    
0                                                                                                                                   
 * * * *  D B D I C T   P R I N T  * * * *      SUBDMAP = PRTSUM  ,  DMAP STATEMENT NO.     29



0                                   * * * *  A N A L Y S I S  S U M M A R Y  T A B L E  * * * *
0 SEID  PEID PROJ VERS APRCH      SEMG SEMR SEKR SELG SELR MODES DYNRED SOLLIN PVALID SOLNL LOOPID DESIGN CYCLE SENSITIVITY
 --------------------------------------------------------------------------------------------------------------------------
0SEID = SUPERELEMENT ID.
 PEID = PRIMARY SUPERELEMENT ID OF IMAGE SUPERELEMENT.
 PROJ = PROJECT ID NUMBER.
 VERS = VERSION ID.
 APRCH = BLANK FOR STRUCTURAL ANALYSIS.  HEAT FOR HEAT TRANSFER ANALYSIS.
 SEMG = STIFFNESS AND MASS MATRIX GENERATION STEP.
 SEMR = MASS MATRIX REDUCTION STEP (INCLUDES EIGENVALUE SOLUTION FOR MODES).
 SEKR = STIFFNESS MATRIX REDUCTION STEP.
 SELG = LOAD MATRIX GENERATION STEP.
 SELR = LOAD MATRIX REDUCTION STEP. 
 MODES = T (TRUE) IF NORMAL MODES OR BUCKLING MODES CALCULATED.
 DYNRED = T (TRUE) MEANS GENERALIZED DYNAMIC AND/OR COMPONENT MODE REDUCTION PERFORMED.
 SOLLIN = T (TRUE) IF LINEAR SOLUTION EXISTS IN DATABASE.
 PVALID = P-DISTRIBUTION ID OF P-VALUE FOR P-ELEMENTS
 LOOPID = THE LAST LOOPID VALUE USED IN THE NONLINEAR ANALYSIS.  USEFUL FOR RESTARTS.
 SOLNL = T (TRUE) IF NONLINEAR SOLUTION EXISTS IN DATABASE.
 DESIGN CYCLE = THE LAST DESIGN CYCLE (ONLY VALID IN OPTIMIZATION).
 SENSITIVITY = SENSITIVITY MATRIX GENERATION FLAG.
1                                        * * * END OF JOB * * *
 
 
